<?xml version="1.0" encoding="UTF-8"?>
<mapping>
    <flow id="Fin-1200-9102">
        <service id="dep">
            <in>
                <map name="SYS_HEAD" ref="REQUEST.SYS_HEAD">
                    <item name="MESSAGE_CODE">'1001'</item>
                </map>
                <item name="APP_HEAD">REQUEST.APP_HEAD</item>
                <item name="LOCAL_HEAD">REQUEST.LOCAL_HEAD</item>
                <map name="BODY">
                    <item name="ACCT_NO">REQUEST.BODY.ACCT_NO</item>
                    <list name="SERV_DETAIL" alias="SERV_DETAIL" source="REQUEST.BODY.SERV_DETAIL" ref="#SERV_DETAIL" index="index">
                        <item name="SEO_NO">#index+1</item>
                        <item name="BASE_ACCT_NO">REQUEST.BODY.SERV_DETAIL1.[#index].BASE_ACCT_NO</item>
                    </list>
                </map>
            </in>
            <reversal>
                <map name="SYS_HEAD" ref="REQUEST.SYS_HEAD">
                    <item name="MESSAGE_CODE">'1001'</item>
                </map>
                <item name="APP_HEAD">REQUEST.APP_HEAD</item>
                <item name="LOCAL_HEAD">REQUEST.LOCAL_HEAD</item>
                <map name="BODY">
                    <item name="ACCT_NO">REQUEST.BODY.ACCT_NO</item>
                    <list name="SERV_DETAIL" alias="SERV_DETAIL" source="REQUEST.BODY.SERV_DETAIL" ref="#SERV_DETAIL" index="index">
                        <item name="SEO_NO">#index+1</item>
                        <item name="BASE_ACCT_NO">REQUEST.BODY.SERV_DETAIL1.[#index].BASE_ACCT_NO</item>
                    </list>
                </map>
            </reversal>
            <confirm>
                <map name="SYS_HEAD" ref="REQUEST.SYS_HEAD">
                    <item name="MESSAGE_CODE">'1001'</item>
                </map>
                <item name="APP_HEAD">REQUEST.APP_HEAD</item>
                <item name="LOCAL_HEAD">REQUEST.LOCAL_HEAD</item>
                <map name="BODY">
                    <item name="ACCT_NO">REQUEST.BODY.ACCT_NO</item>
                    <list name="SERV_DETAIL" alias="SERV_DETAIL" source="REQUEST.BODY.SERV_DETAIL" ref="#SERV_DETAIL" index="index">
                        <item name="SEO_NO">#index+1</item>
                        <item name="BASE_ACCT_NO">REQUEST.BODY.SERV_DETAIL1.[#index].BASE_ACCT_NO</item>
                    </list>
                </map>
            </confirm>
        </service>
        <service id="wtd">
            <in>
                <map name="SYS_HEAD" ref="REQUEST.SYS_HEAD">
                    <item name="MESSAGE_CODE">'1001'</item>
                </map>
                <item name="APP_HEAD">REQUEST.APP_HEAD</item>
                <item name="LOCAL_HEAD">REQUEST.LOCAL_HEAD</item>
                <map name="BODY">
                    <item name="ACCT_NO">REQUEST.BODY.ACCT_NO</item>
                    <list name="SERV_DETAIL" alias="SERV_DETAIL" source="REQUEST.BODY.SERV_DETAIL" ref="#SERV_DETAIL" index="index">
                        <item name="SEO_NO">#index+1</item>
                        <item name="BASE_ACCT_NO">REQUEST.BODY.SERV_DETAIL1.[#index].BASE_ACCT_NO</item>
                    </list>
                </map>
            </in>
        </service>
        <out>
            <map name="BODY">
                <item name="ACCT_NO">REQUEST.BODY.ACCT_NO</item>
                <list name="SERV_DETAIL" alias="SERV_DETAIL" source="REQUEST.BODY.SERV_DETAIL" ref="#SERV_DETAIL" index="index">
                    <item name="SEO_NO">#index+1</item>
                    <item name="BASE_ACCT_NO">REQUEST.BODY.SERV_DETAIL1.[#index].BASE_ACCT_NO</item>
                </list>
            </map>
        </out>
    </flow>
</mapping>